<?xml version="1.0" encoding="UTF-8"?>
<!-- Generated by org.testng.reporters.JUnitReportReporter -->
<testsuite ignored="0" hostname="INGIMPLE11" failures="0" tests="1" name="testSel.TestSel" time="96.256" errors="0" timestamp="29 oct. 2022 16:06:00 GMT" skipped="0">
  <testcase classname="testSel.TestSel" name="f" time="96.256"/>
</testsuite> <!-- testSel.TestSel -->
